# JRE version: OpenJDK Runtime Environment AdoptOpenJDK (15.0+36) (build 15+36)
# Java VM: OpenJDK 64-Bit Server VM AdoptOpenJDK (15+36, mixed mode, sharing, tiered, compressed oops, g1 gc, linux-amd64)
GC Precious Log:
 CPUs: 4 total, 4 available
 Memory: 3935M
 Large Page Support: Disabled
 NUMA Support: Disabled
 Compressed Oops: Enabled (32-bit)
 Heap Region Size: 1M
 Heap Min Capacity: 8M
 Heap Initial Capacity: 8M
 Heap Max Capacity: 984M
 Pre-touch: Disabled
 Parallel Workers: 4
 Concurrent Workers: 1
 Concurrent Refinement Workers: 4
 Periodic GC: Disabled
Heap:
 garbage-first heap   total 94208K, used 40637K [0x00000000c2800000, 0x0000000100000000)
  region size 1024K, 20 young (20480K), 1 survivors (1024K)
 Metaspace       used 4073K, capacity 5924K, committed 6144K, reserved 1056768K
  class space    used 436K, capacity 669K, committed 768K, reserved 1048576K
GC Heap History (20 events):
Event: 1,899 GC heap before
{Heap before GC invocations=15 (full 0):
 garbage-first heap   total 15360K, used 8488K [0x00000000c2800000, 0x0000000100000000)
  region size 1024K, 6 young (6144K), 1 survivors (1024K)
 Metaspace       used 2534K, capacity 5101K, committed 5376K, reserved 1056768K
  class space    used 252K, capacity 484K, committed 512K, reserved 1048576K
}
Event: 1,900 GC heap after
{Heap after GC invocations=16 (full 0):
 garbage-first heap   total 15360K, used 4376K [0x00000000c2800000, 0x0000000100000000)
  region size 1024K, 1 young (1024K), 1 survivors (1024K)
 Metaspace       used 2534K, capacity 5101K, committed 5376K, reserved 1056768K
  class space    used 252K, capacity 484K, committed 512K, reserved 1048576K
}
Event: 2,035 GC heap before
{Heap before GC invocations=16 (full 0):
 garbage-first heap   total 15360K, used 8472K [0x00000000c2800000, 0x0000000100000000)
  region size 1024K, 6 young (6144K), 1 survivors (1024K)
 Metaspace       used 2534K, capacity 5101K, committed 5376K, reserved 1056768K
  class space    used 252K, capacity 484K, committed 512K, reserved 1048576K
}
Event: 2,037 GC heap after
{Heap after GC invocations=17 (full 0):
 garbage-first heap   total 18432K, used 4382K [0x00000000c2800000, 0x0000000100000000)
  region size 1024K, 1 young (1024K), 1 survivors (1024K)
 Metaspace       used 2534K, capacity 5101K, committed 5376K, reserved 1056768K
  class space    used 252K, capacity 484K, committed 512K, reserved 1048576K
}
Event: 2,332 GC heap before
{Heap before GC invocations=17 (full 0):
 garbage-first heap   total 18432K, used 13598K [0x00000000c2800000, 0x0000000100000000)
  region size 1024K, 9 young (9216K), 1 survivors (1024K)
 Metaspace       used 2871K, capacity 5296K, committed 5504K, reserved 1056768K
  class space    used 295K, capacity 525K, committed 640K, reserved 1048576K
}
Event: 2,335 GC heap after
{Heap after GC invocations=18 (full 0):
 garbage-first heap   total 18432K, used 4968K [0x00000000c2800000, 0x0000000100000000)
  region size 1024K, 1 young (1024K), 1 survivors (1024K)
 Metaspace       used 2871K, capacity 5296K, committed 5504K, reserved 1056768K
  class space    used 295K, capacity 525K, committed 640K, reserved 1048576K
}
Event: 2,412 GC heap before
{Heap before GC invocations=18 (full 0):
 garbage-first heap   total 18432K, used 13160K [0x00000000c2800000, 0x0000000100000000)
  region size 1024K, 9 young (9216K), 1 survivors (1024K)
 Metaspace       used 3014K, capacity 5391K, committed 5504K, reserved 1056768K
  class space    used 311K, capacity 534K, committed 640K, reserved 1048576K
}
Event: 2,438 GC heap after
{Heap after GC invocations=19 (full 0):
 garbage-first heap   total 23552K, used 13024K [0x00000000c2800000, 0x0000000100000000)
  region size 1024K, 2 young (2048K), 2 survivors (2048K)
 Metaspace       used 3014K, capacity 5391K, committed 5504K, reserved 1056768K
  class space    used 311K, capacity 534K, committed 640K, reserved 1048576K
}
Event: 2,454 GC heap before
{Heap before GC invocations=19 (full 0):
 garbage-first heap   total 23552K, used 15072K [0x00000000c2800000, 0x0000000100000000)
  region size 1024K, 4 young (4096K), 2 survivors (2048K)
 Metaspace       used 3014K, capacity 5391K, committed 5504K, reserved 1056768K
  class space    used 311K, capacity 534K, committed 640K, reserved 1048576K
}
Event: 2,468 GC heap after
{Heap after GC invocations=20 (full 0):
 garbage-first heap   total 23552K, used 15160K [0x00000000c2800000, 0x0000000100000000)
  region size 1024K, 1 young (1024K), 1 survivors (1024K)
 Metaspace       used 3014K, capacity 5391K, committed 5504K, reserved 1056768K
  class space    used 311K, capacity 534K, committed 640K, reserved 1048576K
}
Event: 2,484 GC heap before
{Heap before GC invocations=20 (full 0):
 garbage-first heap   total 23552K, used 16184K [0x00000000c2800000, 0x0000000100000000)
  region size 1024K, 2 young (2048K), 1 survivors (1024K)
 Metaspace       used 3014K, capacity 5391K, committed 5504K, reserved 1056768K
  class space    used 311K, capacity 534K, committed 640K, reserved 1048576K
}
Event: 2,494 GC heap after
{Heap after GC invocations=21 (full 0):
 garbage-first heap   total 47104K, used 16639K [0x00000000c2800000, 0x0000000100000000)
  region size 1024K, 1 young (1024K), 1 survivors (1024K)
 Metaspace       used 3014K, capacity 5391K, committed 5504K, reserved 1056768K
  class space    used 311K, capacity 534K, committed 640K, reserved 1048576K
}
Event: 2,643 GC heap before
{Heap before GC invocations=22 (full 0):
 garbage-first heap   total 47104K, used 24831K [0x00000000c2800000, 0x0000000100000000)
  region size 1024K, 9 young (9216K), 1 survivors (1024K)
 Metaspace       used 3223K, capacity 5499K, committed 5760K, reserved 1056768K
  class space    used 339K, capacity 570K, committed 640K, reserved 1048576K
}
Event: 2,655 GC heap after
{Heap after GC invocations=23 (full 0):
 garbage-first heap   total 47104K, used 18232K [0x00000000c2800000, 0x0000000100000000)
  region size 1024K, 2 young (2048K), 2 survivors (2048K)
 Metaspace       used 3223K, capacity 5499K, committed 5760K, reserved 1056768K
  class space    used 339K, capacity 570K, committed 640K, reserved 1048576K
}
Event: 2,981 GC heap before
{Heap before GC invocations=23 (full 0):
 garbage-first heap   total 47104K, used 26424K [0x00000000c2800000, 0x0000000100000000)
  region size 1024K, 10 young (10240K), 2 survivors (2048K)
 Metaspace       used 3801K, capacity 5807K, committed 6016K, reserved 1056768K
  class space    used 414K, capacity 630K, committed 640K, reserved 1048576K
}
Event: 3,003 GC heap after
{Heap after GC invocations=24 (full 0):
 garbage-first heap   total 47104K, used 21268K [0x00000000c2800000, 0x0000000100000000)
  region size 1024K, 2 young (2048K), 2 survivors (2048K)
 Metaspace       used 3801K, capacity 5807K, committed 6016K, reserved 1056768K
  class space    used 414K, capacity 630K, committed 640K, reserved 1048576K
}
Event: 3,170 GC heap before
{Heap before GC invocations=24 (full 0):
 garbage-first heap   total 47104K, used 28436K [0x00000000c2800000, 0x0000000100000000)
  region size 1024K, 9 young (9216K), 2 survivors (2048K)
 Metaspace       used 4020K, capacity 5924K, committed 6144K, reserved 1056768K
  class space    used 436K, capacity 669K, committed 768K, reserved 1048576K
}
Event: 3,179 GC heap after
{Heap after GC invocations=25 (full 0):
 garbage-first heap   total 47104K, used 21988K [0x00000000c2800000, 0x0000000100000000)
  region size 1024K, 1 young (1024K), 1 survivors (1024K)
 Metaspace       used 4020K, capacity 5924K, committed 6144K, reserved 1056768K
  class space    used 436K, capacity 669K, committed 768K, reserved 1048576K
}
Event: 3,264 GC heap before
{Heap before GC invocations=25 (full 0):
 garbage-first heap   total 47104K, used 29156K [0x00000000c2800000, 0x0000000100000000)
  region size 1024K, 9 young (9216K), 1 survivors (1024K)
 Metaspace       used 4058K, capacity 5924K, committed 6144K, reserved 1056768K
  class space    used 436K, capacity 669K, committed 768K, reserved 1048576K
}
Event: 3,269 GC heap after
{Heap after GC invocations=26 (full 0):
 garbage-first heap   total 94208K, used 22205K [0x00000000c2800000, 0x0000000100000000)
  region size 1024K, 1 young (1024K), 1 survivors (1024K)
 Metaspace       used 4058K, capacity 5924K, committed 6144K, reserved 1056768K
  class space    used 436K, capacity 669K, committed 768K, reserved 1048576K
}

